<?xml version="1.0" encoding="UTF-8"?>
<!-- Generated by org.testng.reporters.JUnitReportReporter -->
<testsuite skipped="0" hostname="DESKTOP-CVV8T53" name="qaclickacademy.SeleniumTest" tests="2" failures="0" timestamp="2021-04-06T18:29:18 EEST" time="0.003" errors="0">
  <testcase name="elementsUi" time="0.000" classname="qaclickacademy.SeleniumTest"/>
  <system-out/>
  <testcase name="BrowserAutomation" time="0.003" classname="qaclickacademy.SeleniumTest"/>
  <system-out/>
</testsuite> <!-- qaclickacademy.SeleniumTest -->
