<?xml version="1.0" encoding="UTF-8"?>
<!-- Generated by org.testng.reporters.JUnitReportReporter -->
<testsuite skipped="0" hostname="DESKTOP-CVV8T53" name="qaclickacademy.AppiumTest" tests="2" failures="0" timestamp="2021-04-06T18:28:39 EEST" time="0.005" errors="0">
  <testcase name="iOSApps" time="0.001" classname="qaclickacademy.AppiumTest"/>
  <system-out/>
  <testcase name="NativeAppAndroid" time="0.004" classname="qaclickacademy.AppiumTest"/>
  <system-out/>
</testsuite> <!-- qaclickacademy.AppiumTest -->
